19:49:06.958 [TestNG-test=Test-1] DEBUG resources.baseTest - Sending keys in email field
19:49:07.183 [TestNG-test=Test-1] INFO  resources.baseTest - Email id is provided
19:49:07.184 [TestNG-test=Test-1] DEBUG resources.baseTest - Sending keys in password field
19:49:07.438 [TestNG-test=Test-1] INFO  resources.baseTest - password is provided
19:49:07.438 [TestNG-test=Test-1] DEBUG resources.baseTest - Clicking on Login button
19:49:08.285 [TestNG-test=Test-1] INFO  resources.baseTest - Login button is clicked
19:49:08.285 [TestNG-test=Test-1] DEBUG resources.baseTest - Clicking on Forgot Password button
19:49:08.780 [TestNG-test=Test-1] INFO  resources.baseTest - Forgot Password button is clicked
19:49:08.780 [TestNG-test=Test-1] DEBUG resources.baseTest - Sending keys in email field
19:49:08.944 [TestNG-test=Test-1] INFO  resources.baseTest - Email id is provided
19:49:08.945 [TestNG-test=Test-1] DEBUG resources.baseTest - Clicking on Send Me Instruction button
19:49:09.088 [TestNG-test=Test-1] INFO  resources.baseTest - Send Me Instruction button is clicked
19:49:16.490 [TestNG-test=Test-1] INFO  resources.baseTest - Driver is initialised
19:49:27.834 [TestNG-test=Test-1] INFO  resources.baseTest - Hitting the url
19:49:27.835 [TestNG-test=Test-1] DEBUG resources.baseTest - Clicking on Login link
19:49:29.834 [TestNG-test=Test-1] INFO  resources.baseTest - Login Link is clicked
19:49:29.834 [TestNG-test=Test-1] DEBUG resources.baseTest - Sending keys in email field
19:49:30.049 [TestNG-test=Test-1] INFO  resources.baseTest - Email id is provided
19:49:30.050 [TestNG-test=Test-1] DEBUG resources.baseTest - Sending keys in password field
19:49:30.189 [TestNG-test=Test-1] INFO  resources.baseTest - password is provided
19:49:30.190 [TestNG-test=Test-1] DEBUG resources.baseTest - Clicking on Login button
19:49:30.511 [TestNG-test=Test-1] INFO  resources.baseTest - Login button is clicked
19:49:30.972 [TestNG-test=Test-1] INFO  resources.baseTest - Closing the browser
19:49:33.992 [TestNG-test=Test-1] INFO  resources.baseTest - Driver is initialised
19:49:44.207 [TestNG-test=Test-1] INFO  resources.baseTest - Hitting the url
19:49:44.208 [TestNG-test=Test-1] DEBUG resources.baseTest - Clicking on Login link
19:49:46.301 [TestNG-test=Test-1] INFO  resources.baseTest - Login Link is clicked
19:49:46.304 [TestNG-test=Test-1] DEBUG resources.baseTest - Sending keys in email field
19:49:46.573 [TestNG-test=Test-1] INFO  resources.baseTest - Email id is provided
19:49:46.573 [TestNG-test=Test-1] DEBUG resources.baseTest - Sending keys in password field
19:49:46.750 [TestNG-test=Test-1] INFO  resources.baseTest - password is provided
19:49:46.750 [TestNG-test=Test-1] DEBUG resources.baseTest - Clicking on Login button
19:49:47.189 [TestNG-test=Test-1] INFO  resources.baseTest - Login button is clicked
19:49:47.590 [TestNG-test=Test-1] INFO  resources.baseTest - Closing the browser
